[2024-11-20T23:29:49.989+0000] {taskinstance.py:1083} INFO - Dependencies all met for <TaskInstance: principal_to_stage.load_data_clientes scheduled__2024-11-19T23:29:16.781332+00:00 [queued]>
[2024-11-20T23:29:50.014+0000] {taskinstance.py:1083} INFO - Dependencies all met for <TaskInstance: principal_to_stage.load_data_clientes scheduled__2024-11-19T23:29:16.781332+00:00 [queued]>
[2024-11-20T23:29:50.016+0000] {taskinstance.py:1279} INFO - 
--------------------------------------------------------------------------------
[2024-11-20T23:29:50.017+0000] {taskinstance.py:1280} INFO - Starting attempt 1 of 1
[2024-11-20T23:29:50.018+0000] {taskinstance.py:1281} INFO - 
--------------------------------------------------------------------------------
[2024-11-20T23:29:50.056+0000] {taskinstance.py:1300} INFO - Executing <Task(_PythonDecoratedOperator): load_data_clientes> on 2024-11-19 23:29:16.781332+00:00
[2024-11-20T23:29:50.066+0000] {standard_task_runner.py:55} INFO - Started process 614 to run task
[2024-11-20T23:29:50.071+0000] {standard_task_runner.py:82} INFO - Running: ['***', 'tasks', 'run', 'principal_to_stage', 'load_data_clientes', 'scheduled__2024-11-19T23:29:16.781332+00:00', '--job-id', '103', '--raw', '--subdir', 'DAGS_FOLDER/extract_to_stage_dag.py', '--cfg-path', '/tmp/tmpl7lxjoig']
[2024-11-20T23:29:50.072+0000] {standard_task_runner.py:83} INFO - Job 103: Subtask load_data_clientes
[2024-11-20T23:29:50.218+0000] {task_command.py:388} INFO - Running <TaskInstance: principal_to_stage.load_data_clientes scheduled__2024-11-19T23:29:16.781332+00:00 [running]> on host 7d17ca507f32
[2024-11-20T23:29:50.431+0000] {taskinstance.py:1509} INFO - Exporting the following env vars:
AIRFLOW_CTX_DAG_OWNER=***
AIRFLOW_CTX_DAG_ID=principal_to_stage
AIRFLOW_CTX_TASK_ID=load_data_clientes
AIRFLOW_CTX_EXECUTION_DATE=2024-11-19T23:29:16.781332+00:00
AIRFLOW_CTX_TRY_NUMBER=1
AIRFLOW_CTX_DAG_RUN_ID=scheduled__2024-11-19T23:29:16.781332+00:00
[2024-11-20T23:29:50.456+0000] {base.py:73} INFO - Using connection ID 'novadrive-principal' for task execution.
[2024-11-20T23:29:51.730+0000] {base.py:73} INFO - Using connection ID 'novadrive-stage' for task execution.
[2024-11-20T23:29:51.918+0000] {python.py:177} INFO - Done. Returned value was: None
[2024-11-20T23:29:51.932+0000] {taskinstance.py:1323} INFO - Marking task as SUCCESS. dag_id=principal_to_stage, task_id=load_data_clientes, execution_date=20241119T232916, start_date=20241120T232949, end_date=20241120T232951
[2024-11-20T23:29:51.977+0000] {local_task_job.py:208} INFO - Task exited with return code 0
[2024-11-20T23:29:52.005+0000] {taskinstance.py:2578} INFO - 0 downstream tasks scheduled from follow-on schedule check
