[2024-11-20T23:20:19.358+0000] {taskinstance.py:1083} INFO - Dependencies all met for <TaskInstance: principal_to_stage.get_max_id_estados scheduled__2024-11-19T23:20:13.214210+00:00 [queued]>
[2024-11-20T23:20:19.381+0000] {taskinstance.py:1083} INFO - Dependencies all met for <TaskInstance: principal_to_stage.get_max_id_estados scheduled__2024-11-19T23:20:13.214210+00:00 [queued]>
[2024-11-20T23:20:19.382+0000] {taskinstance.py:1279} INFO - 
--------------------------------------------------------------------------------
[2024-11-20T23:20:19.383+0000] {taskinstance.py:1280} INFO - Starting attempt 1 of 1
[2024-11-20T23:20:19.385+0000] {taskinstance.py:1281} INFO - 
--------------------------------------------------------------------------------
[2024-11-20T23:20:19.418+0000] {taskinstance.py:1300} INFO - Executing <Task(_PythonDecoratedOperator): get_max_id_estados> on 2024-11-19 23:20:13.214210+00:00
[2024-11-20T23:20:19.429+0000] {standard_task_runner.py:55} INFO - Started process 158 to run task
[2024-11-20T23:20:19.437+0000] {standard_task_runner.py:82} INFO - Running: ['***', 'tasks', 'run', 'principal_to_stage', 'get_max_id_estados', 'scheduled__2024-11-19T23:20:13.214210+00:00', '--job-id', '74', '--raw', '--subdir', 'DAGS_FOLDER/extract_to_stage_dag.py', '--cfg-path', '/tmp/tmpzqwy3z9w']
[2024-11-20T23:20:19.439+0000] {standard_task_runner.py:83} INFO - Job 74: Subtask get_max_id_estados
[2024-11-20T23:20:19.604+0000] {task_command.py:388} INFO - Running <TaskInstance: principal_to_stage.get_max_id_estados scheduled__2024-11-19T23:20:13.214210+00:00 [running]> on host 7d17ca507f32
[2024-11-20T23:20:19.736+0000] {taskinstance.py:1509} INFO - Exporting the following env vars:
AIRFLOW_CTX_DAG_OWNER=***
AIRFLOW_CTX_DAG_ID=principal_to_stage
AIRFLOW_CTX_TASK_ID=get_max_id_estados
AIRFLOW_CTX_EXECUTION_DATE=2024-11-19T23:20:13.214210+00:00
AIRFLOW_CTX_TRY_NUMBER=1
AIRFLOW_CTX_DAG_RUN_ID=scheduled__2024-11-19T23:20:13.214210+00:00
[2024-11-20T23:20:19.757+0000] {base.py:73} INFO - Using connection ID 'novadrive-principal' for task execution.
[2024-11-20T23:20:21.036+0000] {python.py:177} INFO - Done. Returned value was: 146122
[2024-11-20T23:20:21.067+0000] {taskinstance.py:1323} INFO - Marking task as SUCCESS. dag_id=principal_to_stage, task_id=get_max_id_estados, execution_date=20241119T232013, start_date=20241120T232019, end_date=20241120T232021
[2024-11-20T23:20:21.103+0000] {local_task_job.py:208} INFO - Task exited with return code 0
[2024-11-20T23:20:21.135+0000] {taskinstance.py:2578} INFO - 1 downstream tasks scheduled from follow-on schedule check
