[2024-11-20T23:29:44.691+0000] {taskinstance.py:1083} INFO - Dependencies all met for <TaskInstance: principal_to_stage.get_max_id_vendas scheduled__2024-11-19T23:29:16.781332+00:00 [queued]>
[2024-11-20T23:29:44.722+0000] {taskinstance.py:1083} INFO - Dependencies all met for <TaskInstance: principal_to_stage.get_max_id_vendas scheduled__2024-11-19T23:29:16.781332+00:00 [queued]>
[2024-11-20T23:29:44.729+0000] {taskinstance.py:1279} INFO - 
--------------------------------------------------------------------------------
[2024-11-20T23:29:44.733+0000] {taskinstance.py:1280} INFO - Starting attempt 1 of 1
[2024-11-20T23:29:44.733+0000] {taskinstance.py:1281} INFO - 
--------------------------------------------------------------------------------
[2024-11-20T23:29:44.801+0000] {taskinstance.py:1300} INFO - Executing <Task(_PythonDecoratedOperator): get_max_id_vendas> on 2024-11-19 23:29:16.781332+00:00
[2024-11-20T23:29:44.816+0000] {standard_task_runner.py:55} INFO - Started process 597 to run task
[2024-11-20T23:29:44.836+0000] {standard_task_runner.py:82} INFO - Running: ['***', 'tasks', 'run', 'principal_to_stage', 'get_max_id_vendas', 'scheduled__2024-11-19T23:29:16.781332+00:00', '--job-id', '98', '--raw', '--subdir', 'DAGS_FOLDER/extract_to_stage_dag.py', '--cfg-path', '/tmp/tmppk2gbyh_']
[2024-11-20T23:29:44.838+0000] {standard_task_runner.py:83} INFO - Job 98: Subtask get_max_id_vendas
[2024-11-20T23:29:45.023+0000] {task_command.py:388} INFO - Running <TaskInstance: principal_to_stage.get_max_id_vendas scheduled__2024-11-19T23:29:16.781332+00:00 [running]> on host 7d17ca507f32
[2024-11-20T23:29:46.659+0000] {taskinstance.py:1509} INFO - Exporting the following env vars:
AIRFLOW_CTX_DAG_OWNER=***
AIRFLOW_CTX_DAG_ID=principal_to_stage
AIRFLOW_CTX_TASK_ID=get_max_id_vendas
AIRFLOW_CTX_EXECUTION_DATE=2024-11-19T23:29:16.781332+00:00
AIRFLOW_CTX_TRY_NUMBER=1
AIRFLOW_CTX_DAG_RUN_ID=scheduled__2024-11-19T23:29:16.781332+00:00
[2024-11-20T23:29:46.686+0000] {base.py:73} INFO - Using connection ID 'novadrive-principal' for task execution.
[2024-11-20T23:29:47.932+0000] {python.py:177} INFO - Done. Returned value was: 146124
[2024-11-20T23:29:47.984+0000] {taskinstance.py:1323} INFO - Marking task as SUCCESS. dag_id=principal_to_stage, task_id=get_max_id_vendas, execution_date=20241119T232916, start_date=20241120T232944, end_date=20241120T232947
[2024-11-20T23:29:48.065+0000] {local_task_job.py:208} INFO - Task exited with return code 0
[2024-11-20T23:29:48.125+0000] {taskinstance.py:2578} INFO - 1 downstream tasks scheduled from follow-on schedule check
