[2024-11-20T23:29:49.990+0000] {taskinstance.py:1083} INFO - Dependencies all met for <TaskInstance: principal_to_stage.load_data_cidades scheduled__2024-11-19T23:29:16.781332+00:00 [queued]>
[2024-11-20T23:29:50.018+0000] {taskinstance.py:1083} INFO - Dependencies all met for <TaskInstance: principal_to_stage.load_data_cidades scheduled__2024-11-19T23:29:16.781332+00:00 [queued]>
[2024-11-20T23:29:50.022+0000] {taskinstance.py:1279} INFO - 
--------------------------------------------------------------------------------
[2024-11-20T23:29:50.025+0000] {taskinstance.py:1280} INFO - Starting attempt 1 of 1
[2024-11-20T23:29:50.026+0000] {taskinstance.py:1281} INFO - 
--------------------------------------------------------------------------------
[2024-11-20T23:29:50.074+0000] {taskinstance.py:1300} INFO - Executing <Task(_PythonDecoratedOperator): load_data_cidades> on 2024-11-19 23:29:16.781332+00:00
[2024-11-20T23:29:50.086+0000] {standard_task_runner.py:55} INFO - Started process 615 to run task
[2024-11-20T23:29:50.091+0000] {standard_task_runner.py:82} INFO - Running: ['***', 'tasks', 'run', 'principal_to_stage', 'load_data_cidades', 'scheduled__2024-11-19T23:29:16.781332+00:00', '--job-id', '104', '--raw', '--subdir', 'DAGS_FOLDER/extract_to_stage_dag.py', '--cfg-path', '/tmp/tmpnksrby7j']
[2024-11-20T23:29:50.093+0000] {standard_task_runner.py:83} INFO - Job 104: Subtask load_data_cidades
[2024-11-20T23:29:50.243+0000] {task_command.py:388} INFO - Running <TaskInstance: principal_to_stage.load_data_cidades scheduled__2024-11-19T23:29:16.781332+00:00 [running]> on host 7d17ca507f32
[2024-11-20T23:29:50.451+0000] {taskinstance.py:1509} INFO - Exporting the following env vars:
AIRFLOW_CTX_DAG_OWNER=***
AIRFLOW_CTX_DAG_ID=principal_to_stage
AIRFLOW_CTX_TASK_ID=load_data_cidades
AIRFLOW_CTX_EXECUTION_DATE=2024-11-19T23:29:16.781332+00:00
AIRFLOW_CTX_TRY_NUMBER=1
AIRFLOW_CTX_DAG_RUN_ID=scheduled__2024-11-19T23:29:16.781332+00:00
[2024-11-20T23:29:50.471+0000] {base.py:73} INFO - Using connection ID 'novadrive-principal' for task execution.
[2024-11-20T23:29:51.776+0000] {base.py:73} INFO - Using connection ID 'novadrive-stage' for task execution.
[2024-11-20T23:29:51.983+0000] {python.py:177} INFO - Done. Returned value was: None
[2024-11-20T23:29:52.000+0000] {taskinstance.py:1323} INFO - Marking task as SUCCESS. dag_id=principal_to_stage, task_id=load_data_cidades, execution_date=20241119T232916, start_date=20241120T232949, end_date=20241120T232952
[2024-11-20T23:29:52.034+0000] {local_task_job.py:208} INFO - Task exited with return code 0
[2024-11-20T23:29:52.070+0000] {taskinstance.py:2578} INFO - 0 downstream tasks scheduled from follow-on schedule check
