[2024-11-20T23:29:44.454+0000] {taskinstance.py:1083} INFO - Dependencies all met for <TaskInstance: principal_to_stage.get_max_id_clientes manual__2024-11-20T23:29:41.629922+00:00 [queued]>
[2024-11-20T23:29:44.489+0000] {taskinstance.py:1083} INFO - Dependencies all met for <TaskInstance: principal_to_stage.get_max_id_clientes manual__2024-11-20T23:29:41.629922+00:00 [queued]>
[2024-11-20T23:29:44.492+0000] {taskinstance.py:1279} INFO - 
--------------------------------------------------------------------------------
[2024-11-20T23:29:44.496+0000] {taskinstance.py:1280} INFO - Starting attempt 1 of 1
[2024-11-20T23:29:44.497+0000] {taskinstance.py:1281} INFO - 
--------------------------------------------------------------------------------
[2024-11-20T23:29:44.557+0000] {taskinstance.py:1300} INFO - Executing <Task(_PythonDecoratedOperator): get_max_id_clientes> on 2024-11-20 23:29:41.629922+00:00
[2024-11-20T23:29:44.578+0000] {standard_task_runner.py:55} INFO - Started process 587 to run task
[2024-11-20T23:29:44.587+0000] {standard_task_runner.py:82} INFO - Running: ['***', 'tasks', 'run', 'principal_to_stage', 'get_max_id_clientes', 'manual__2024-11-20T23:29:41.629922+00:00', '--job-id', '88', '--raw', '--subdir', 'DAGS_FOLDER/extract_to_stage_dag.py', '--cfg-path', '/tmp/tmpx1t587d1']
[2024-11-20T23:29:44.589+0000] {standard_task_runner.py:83} INFO - Job 88: Subtask get_max_id_clientes
[2024-11-20T23:29:44.829+0000] {task_command.py:388} INFO - Running <TaskInstance: principal_to_stage.get_max_id_clientes manual__2024-11-20T23:29:41.629922+00:00 [running]> on host 7d17ca507f32
[2024-11-20T23:29:46.412+0000] {taskinstance.py:1509} INFO - Exporting the following env vars:
AIRFLOW_CTX_DAG_OWNER=***
AIRFLOW_CTX_DAG_ID=principal_to_stage
AIRFLOW_CTX_TASK_ID=get_max_id_clientes
AIRFLOW_CTX_EXECUTION_DATE=2024-11-20T23:29:41.629922+00:00
AIRFLOW_CTX_TRY_NUMBER=1
AIRFLOW_CTX_DAG_RUN_ID=manual__2024-11-20T23:29:41.629922+00:00
[2024-11-20T23:29:46.445+0000] {base.py:73} INFO - Using connection ID 'novadrive-principal' for task execution.
[2024-11-20T23:29:47.714+0000] {python.py:177} INFO - Done. Returned value was: 144957
[2024-11-20T23:29:47.747+0000] {taskinstance.py:1323} INFO - Marking task as SUCCESS. dag_id=principal_to_stage, task_id=get_max_id_clientes, execution_date=20241120T232941, start_date=20241120T232944, end_date=20241120T232947
[2024-11-20T23:29:47.787+0000] {local_task_job.py:208} INFO - Task exited with return code 0
[2024-11-20T23:29:47.838+0000] {taskinstance.py:2578} INFO - 1 downstream tasks scheduled from follow-on schedule check
