[2024-11-20T23:29:50.104+0000] {taskinstance.py:1083} INFO - Dependencies all met for <TaskInstance: principal_to_stage.load_data_vendas scheduled__2024-11-19T23:29:16.781332+00:00 [queued]>
[2024-11-20T23:29:50.138+0000] {taskinstance.py:1083} INFO - Dependencies all met for <TaskInstance: principal_to_stage.load_data_vendas scheduled__2024-11-19T23:29:16.781332+00:00 [queued]>
[2024-11-20T23:29:50.145+0000] {taskinstance.py:1279} INFO - 
--------------------------------------------------------------------------------
[2024-11-20T23:29:50.146+0000] {taskinstance.py:1280} INFO - Starting attempt 1 of 1
[2024-11-20T23:29:50.147+0000] {taskinstance.py:1281} INFO - 
--------------------------------------------------------------------------------
[2024-11-20T23:29:50.190+0000] {taskinstance.py:1300} INFO - Executing <Task(_PythonDecoratedOperator): load_data_vendas> on 2024-11-19 23:29:16.781332+00:00
[2024-11-20T23:29:50.208+0000] {standard_task_runner.py:55} INFO - Started process 624 to run task
[2024-11-20T23:29:50.216+0000] {standard_task_runner.py:82} INFO - Running: ['***', 'tasks', 'run', 'principal_to_stage', 'load_data_vendas', 'scheduled__2024-11-19T23:29:16.781332+00:00', '--job-id', '111', '--raw', '--subdir', 'DAGS_FOLDER/extract_to_stage_dag.py', '--cfg-path', '/tmp/tmpndncshja']
[2024-11-20T23:29:50.219+0000] {standard_task_runner.py:83} INFO - Job 111: Subtask load_data_vendas
[2024-11-20T23:29:50.361+0000] {task_command.py:388} INFO - Running <TaskInstance: principal_to_stage.load_data_vendas scheduled__2024-11-19T23:29:16.781332+00:00 [running]> on host 7d17ca507f32
[2024-11-20T23:29:50.541+0000] {taskinstance.py:1509} INFO - Exporting the following env vars:
AIRFLOW_CTX_DAG_OWNER=***
AIRFLOW_CTX_DAG_ID=principal_to_stage
AIRFLOW_CTX_TASK_ID=load_data_vendas
AIRFLOW_CTX_EXECUTION_DATE=2024-11-19T23:29:16.781332+00:00
AIRFLOW_CTX_TRY_NUMBER=1
AIRFLOW_CTX_DAG_RUN_ID=scheduled__2024-11-19T23:29:16.781332+00:00
[2024-11-20T23:29:50.559+0000] {base.py:73} INFO - Using connection ID 'novadrive-principal' for task execution.
[2024-11-20T23:29:51.845+0000] {base.py:73} INFO - Using connection ID 'novadrive-stage' for task execution.
[2024-11-20T23:29:52.047+0000] {python.py:177} INFO - Done. Returned value was: None
[2024-11-20T23:29:52.070+0000] {taskinstance.py:1323} INFO - Marking task as SUCCESS. dag_id=principal_to_stage, task_id=load_data_vendas, execution_date=20241119T232916, start_date=20241120T232950, end_date=20241120T232952
[2024-11-20T23:29:52.122+0000] {local_task_job.py:208} INFO - Task exited with return code 0
[2024-11-20T23:29:52.150+0000] {taskinstance.py:2578} INFO - 0 downstream tasks scheduled from follow-on schedule check
