[2024-11-20T23:29:44.413+0000] {taskinstance.py:1083} INFO - Dependencies all met for <TaskInstance: principal_to_stage.get_max_id_estados manual__2024-11-20T23:29:41.629922+00:00 [queued]>
[2024-11-20T23:29:44.456+0000] {taskinstance.py:1083} INFO - Dependencies all met for <TaskInstance: principal_to_stage.get_max_id_estados manual__2024-11-20T23:29:41.629922+00:00 [queued]>
[2024-11-20T23:29:44.466+0000] {taskinstance.py:1279} INFO - 
--------------------------------------------------------------------------------
[2024-11-20T23:29:44.469+0000] {taskinstance.py:1280} INFO - Starting attempt 1 of 1
[2024-11-20T23:29:44.470+0000] {taskinstance.py:1281} INFO - 
--------------------------------------------------------------------------------
[2024-11-20T23:29:44.517+0000] {taskinstance.py:1300} INFO - Executing <Task(_PythonDecoratedOperator): get_max_id_estados> on 2024-11-20 23:29:41.629922+00:00
[2024-11-20T23:29:44.538+0000] {standard_task_runner.py:55} INFO - Started process 585 to run task
[2024-11-20T23:29:44.553+0000] {standard_task_runner.py:82} INFO - Running: ['***', 'tasks', 'run', 'principal_to_stage', 'get_max_id_estados', 'manual__2024-11-20T23:29:41.629922+00:00', '--job-id', '87', '--raw', '--subdir', 'DAGS_FOLDER/extract_to_stage_dag.py', '--cfg-path', '/tmp/tmpyllsz5sw']
[2024-11-20T23:29:44.554+0000] {standard_task_runner.py:83} INFO - Job 87: Subtask get_max_id_estados
[2024-11-20T23:29:44.765+0000] {task_command.py:388} INFO - Running <TaskInstance: principal_to_stage.get_max_id_estados manual__2024-11-20T23:29:41.629922+00:00 [running]> on host 7d17ca507f32
[2024-11-20T23:29:44.980+0000] {taskinstance.py:1509} INFO - Exporting the following env vars:
AIRFLOW_CTX_DAG_OWNER=***
AIRFLOW_CTX_DAG_ID=principal_to_stage
AIRFLOW_CTX_TASK_ID=get_max_id_estados
AIRFLOW_CTX_EXECUTION_DATE=2024-11-20T23:29:41.629922+00:00
AIRFLOW_CTX_TRY_NUMBER=1
AIRFLOW_CTX_DAG_RUN_ID=manual__2024-11-20T23:29:41.629922+00:00
[2024-11-20T23:29:45.004+0000] {base.py:73} INFO - Using connection ID 'novadrive-principal' for task execution.
[2024-11-20T23:29:46.286+0000] {python.py:177} INFO - Done. Returned value was: 27
[2024-11-20T23:29:46.389+0000] {taskinstance.py:1323} INFO - Marking task as SUCCESS. dag_id=principal_to_stage, task_id=get_max_id_estados, execution_date=20241120T232941, start_date=20241120T232944, end_date=20241120T232946
[2024-11-20T23:29:46.702+0000] {local_task_job.py:208} INFO - Task exited with return code 0
[2024-11-20T23:29:46.769+0000] {taskinstance.py:2578} INFO - 1 downstream tasks scheduled from follow-on schedule check
