[2024-11-20T23:29:50.016+0000] {taskinstance.py:1083} INFO - Dependencies all met for <TaskInstance: principal_to_stage.load_data_estados scheduled__2024-11-19T23:29:16.781332+00:00 [queued]>
[2024-11-20T23:29:50.043+0000] {taskinstance.py:1083} INFO - Dependencies all met for <TaskInstance: principal_to_stage.load_data_estados scheduled__2024-11-19T23:29:16.781332+00:00 [queued]>
[2024-11-20T23:29:50.044+0000] {taskinstance.py:1279} INFO - 
--------------------------------------------------------------------------------
[2024-11-20T23:29:50.045+0000] {taskinstance.py:1280} INFO - Starting attempt 1 of 1
[2024-11-20T23:29:50.046+0000] {taskinstance.py:1281} INFO - 
--------------------------------------------------------------------------------
[2024-11-20T23:29:50.097+0000] {taskinstance.py:1300} INFO - Executing <Task(_PythonDecoratedOperator): load_data_estados> on 2024-11-19 23:29:16.781332+00:00
[2024-11-20T23:29:50.110+0000] {standard_task_runner.py:55} INFO - Started process 619 to run task
[2024-11-20T23:29:50.115+0000] {standard_task_runner.py:82} INFO - Running: ['***', 'tasks', 'run', 'principal_to_stage', 'load_data_estados', 'scheduled__2024-11-19T23:29:16.781332+00:00', '--job-id', '108', '--raw', '--subdir', 'DAGS_FOLDER/extract_to_stage_dag.py', '--cfg-path', '/tmp/tmpygbzmv2p']
[2024-11-20T23:29:50.117+0000] {standard_task_runner.py:83} INFO - Job 108: Subtask load_data_estados
[2024-11-20T23:29:50.265+0000] {task_command.py:388} INFO - Running <TaskInstance: principal_to_stage.load_data_estados scheduled__2024-11-19T23:29:16.781332+00:00 [running]> on host 7d17ca507f32
[2024-11-20T23:29:50.452+0000] {taskinstance.py:1509} INFO - Exporting the following env vars:
AIRFLOW_CTX_DAG_OWNER=***
AIRFLOW_CTX_DAG_ID=principal_to_stage
AIRFLOW_CTX_TASK_ID=load_data_estados
AIRFLOW_CTX_EXECUTION_DATE=2024-11-19T23:29:16.781332+00:00
AIRFLOW_CTX_TRY_NUMBER=1
AIRFLOW_CTX_DAG_RUN_ID=scheduled__2024-11-19T23:29:16.781332+00:00
[2024-11-20T23:29:50.478+0000] {base.py:73} INFO - Using connection ID 'novadrive-principal' for task execution.
[2024-11-20T23:29:51.760+0000] {base.py:73} INFO - Using connection ID 'novadrive-stage' for task execution.
[2024-11-20T23:29:51.960+0000] {python.py:177} INFO - Done. Returned value was: None
[2024-11-20T23:29:51.973+0000] {taskinstance.py:1323} INFO - Marking task as SUCCESS. dag_id=principal_to_stage, task_id=load_data_estados, execution_date=20241119T232916, start_date=20241120T232950, end_date=20241120T232951
[2024-11-20T23:29:52.025+0000] {local_task_job.py:208} INFO - Task exited with return code 0
[2024-11-20T23:29:52.048+0000] {taskinstance.py:2578} INFO - 0 downstream tasks scheduled from follow-on schedule check
