[2024-11-20T23:29:48.520+0000] {taskinstance.py:1083} INFO - Dependencies all met for <TaskInstance: principal_to_stage.load_data_estados manual__2024-11-20T23:29:41.629922+00:00 [queued]>
[2024-11-20T23:29:48.534+0000] {taskinstance.py:1083} INFO - Dependencies all met for <TaskInstance: principal_to_stage.load_data_estados manual__2024-11-20T23:29:41.629922+00:00 [queued]>
[2024-11-20T23:29:48.535+0000] {taskinstance.py:1279} INFO - 
--------------------------------------------------------------------------------
[2024-11-20T23:29:48.536+0000] {taskinstance.py:1280} INFO - Starting attempt 1 of 1
[2024-11-20T23:29:48.536+0000] {taskinstance.py:1281} INFO - 
--------------------------------------------------------------------------------
[2024-11-20T23:29:48.836+0000] {taskinstance.py:1300} INFO - Executing <Task(_PythonDecoratedOperator): load_data_estados> on 2024-11-20 23:29:41.629922+00:00
[2024-11-20T23:29:48.847+0000] {standard_task_runner.py:55} INFO - Started process 601 to run task
[2024-11-20T23:29:48.851+0000] {standard_task_runner.py:82} INFO - Running: ['***', 'tasks', 'run', 'principal_to_stage', 'load_data_estados', 'manual__2024-11-20T23:29:41.629922+00:00', '--job-id', '100', '--raw', '--subdir', 'DAGS_FOLDER/extract_to_stage_dag.py', '--cfg-path', '/tmp/tmpl5zowwh5']
[2024-11-20T23:29:48.852+0000] {standard_task_runner.py:83} INFO - Job 100: Subtask load_data_estados
[2024-11-20T23:29:48.978+0000] {task_command.py:388} INFO - Running <TaskInstance: principal_to_stage.load_data_estados manual__2024-11-20T23:29:41.629922+00:00 [running]> on host 7d17ca507f32
[2024-11-20T23:29:49.277+0000] {taskinstance.py:1509} INFO - Exporting the following env vars:
AIRFLOW_CTX_DAG_OWNER=***
AIRFLOW_CTX_DAG_ID=principal_to_stage
AIRFLOW_CTX_TASK_ID=load_data_estados
AIRFLOW_CTX_EXECUTION_DATE=2024-11-20T23:29:41.629922+00:00
AIRFLOW_CTX_TRY_NUMBER=1
AIRFLOW_CTX_DAG_RUN_ID=manual__2024-11-20T23:29:41.629922+00:00
[2024-11-20T23:29:49.315+0000] {base.py:73} INFO - Using connection ID 'novadrive-principal' for task execution.
[2024-11-20T23:29:50.597+0000] {base.py:73} INFO - Using connection ID 'novadrive-stage' for task execution.
[2024-11-20T23:29:50.797+0000] {python.py:177} INFO - Done. Returned value was: None
[2024-11-20T23:29:50.813+0000] {taskinstance.py:1323} INFO - Marking task as SUCCESS. dag_id=principal_to_stage, task_id=load_data_estados, execution_date=20241120T232941, start_date=20241120T232948, end_date=20241120T232950
[2024-11-20T23:29:50.868+0000] {local_task_job.py:208} INFO - Task exited with return code 0
[2024-11-20T23:29:50.891+0000] {taskinstance.py:2578} INFO - 0 downstream tasks scheduled from follow-on schedule check
