[2024-11-20T23:19:11.432+0000] {manager.py:483} INFO - Processing files using up to 2 processes at a time 
[2024-11-20T23:19:11.437+0000] {manager.py:484} INFO - Process each file at most once every 30 seconds
[2024-11-20T23:19:11.438+0000] {manager.py:486} INFO - Checking for new files in /opt/airflow/dags every 300 seconds
[2024-11-20T23:19:11.439+0000] {manager.py:726} INFO - Searching for files in /opt/airflow/dags
[2024-11-20T23:19:11.468+0000] {manager.py:729} INFO - There are 1 files in /opt/airflow/dags
[2024-11-20T23:19:11.626+0000] {manager.py:854} INFO - 
================================================================================
DAG File Processing Stats

File Path                                    PID  Runtime      # DAGs    # Errors  Last Runtime    Last Run
-----------------------------------------  -----  ---------  --------  ----------  --------------  ----------
/opt/airflow/dags/extract_to_stage_dag.py     70  0.07s             0           0
================================================================================
[2024-11-20T23:19:41.792+0000] {manager.py:854} INFO - 
================================================================================
DAG File Processing Stats

File Path                                  PID    Runtime      # DAGs    # Errors  Last Runtime    Last Run
-----------------------------------------  -----  ---------  --------  ----------  --------------  -------------------
/opt/airflow/dags/extract_to_stage_dag.py                           1           0  0.90s           2024-11-20T23:19:12
================================================================================
[2024-11-20T23:20:12.063+0000] {manager.py:854} INFO - 
================================================================================
DAG File Processing Stats

File Path                                  PID    Runtime      # DAGs    # Errors  Last Runtime    Last Run
-----------------------------------------  -----  ---------  --------  ----------  --------------  -------------------
/opt/airflow/dags/extract_to_stage_dag.py                           1           0  0.21s           2024-11-20T23:19:43
================================================================================
[2024-11-20T23:20:42.401+0000] {manager.py:854} INFO - 
================================================================================
DAG File Processing Stats

File Path                                  PID    Runtime      # DAGs    # Errors  Last Runtime    Last Run
-----------------------------------------  -----  ---------  --------  ----------  --------------  -------------------
/opt/airflow/dags/extract_to_stage_dag.py                           1           0  0.18s           2024-11-20T23:20:13
================================================================================
[2024-11-20T23:21:12.791+0000] {manager.py:854} INFO - 
================================================================================
DAG File Processing Stats

File Path                                  PID    Runtime      # DAGs    # Errors  Last Runtime    Last Run
-----------------------------------------  -----  ---------  --------  ----------  --------------  -------------------
/opt/airflow/dags/extract_to_stage_dag.py                           1           0  0.23s           2024-11-20T23:21:11
================================================================================
[2024-11-20T23:21:43.206+0000] {manager.py:854} INFO - 
================================================================================
DAG File Processing Stats

File Path                                  PID    Runtime      # DAGs    # Errors  Last Runtime    Last Run
-----------------------------------------  -----  ---------  --------  ----------  --------------  -------------------
/opt/airflow/dags/extract_to_stage_dag.py                           1           0  0.19s           2024-11-20T23:21:41
================================================================================
[2024-11-20T23:22:13.411+0000] {manager.py:854} INFO - 
================================================================================
DAG File Processing Stats

File Path                                  PID    Runtime      # DAGs    # Errors  Last Runtime    Last Run
-----------------------------------------  -----  ---------  --------  ----------  --------------  -------------------
/opt/airflow/dags/extract_to_stage_dag.py                           1           0  0.17s           2024-11-20T23:22:11
================================================================================
[2024-11-20T23:22:43.756+0000] {manager.py:854} INFO - 
================================================================================
DAG File Processing Stats

File Path                                  PID    Runtime      # DAGs    # Errors  Last Runtime    Last Run
-----------------------------------------  -----  ---------  --------  ----------  --------------  -------------------
/opt/airflow/dags/extract_to_stage_dag.py                           1           0  0.17s           2024-11-20T23:22:41
================================================================================
[2024-11-20T23:23:13.983+0000] {manager.py:854} INFO - 
================================================================================
DAG File Processing Stats

File Path                                  PID    Runtime      # DAGs    # Errors  Last Runtime    Last Run
-----------------------------------------  -----  ---------  --------  ----------  --------------  -------------------
/opt/airflow/dags/extract_to_stage_dag.py                           1           0  0.18s           2024-11-20T23:23:13
================================================================================
[2024-11-20T23:23:44.630+0000] {manager.py:854} INFO - 
================================================================================
DAG File Processing Stats

File Path                                  PID    Runtime      # DAGs    # Errors  Last Runtime    Last Run
-----------------------------------------  -----  ---------  --------  ----------  --------------  -------------------
/opt/airflow/dags/extract_to_stage_dag.py                           1           0  0.23s           2024-11-20T23:23:40
================================================================================
[2024-11-20T23:24:11.953+0000] {manager.py:726} INFO - Searching for files in /opt/airflow/dags
[2024-11-20T23:24:11.982+0000] {manager.py:729} INFO - There are 1 files in /opt/airflow/dags
[2024-11-20T23:24:15.022+0000] {manager.py:854} INFO - 
================================================================================
DAG File Processing Stats

File Path                                  PID    Runtime      # DAGs    # Errors  Last Runtime    Last Run
-----------------------------------------  -----  ---------  --------  ----------  --------------  -------------------
/opt/airflow/dags/extract_to_stage_dag.py                           1           0  0.18s           2024-11-20T23:23:45
================================================================================
[2024-11-20T23:24:45.333+0000] {manager.py:854} INFO - 
================================================================================
DAG File Processing Stats

File Path                                  PID    Runtime      # DAGs    # Errors  Last Runtime    Last Run
-----------------------------------------  -----  ---------  --------  ----------  --------------  -------------------
/opt/airflow/dags/extract_to_stage_dag.py                           1           0  0.22s           2024-11-20T23:24:16
================================================================================
[2024-11-20T23:25:15.633+0000] {manager.py:854} INFO - 
================================================================================
DAG File Processing Stats

File Path                                  PID    Runtime      # DAGs    # Errors  Last Runtime    Last Run
-----------------------------------------  -----  ---------  --------  ----------  --------------  -------------------
/opt/airflow/dags/extract_to_stage_dag.py                           1           0  0.26s           2024-11-20T23:24:46
================================================================================
[2024-11-20T23:25:45.976+0000] {manager.py:854} INFO - 
================================================================================
DAG File Processing Stats

File Path                                  PID    Runtime      # DAGs    # Errors  Last Runtime    Last Run
-----------------------------------------  -----  ---------  --------  ----------  --------------  -------------------
/opt/airflow/dags/extract_to_stage_dag.py                           1           0  0.21s           2024-11-20T23:25:16
================================================================================
[2024-11-20T23:26:16.214+0000] {manager.py:854} INFO - 
================================================================================
DAG File Processing Stats

File Path                                  PID    Runtime      # DAGs    # Errors  Last Runtime    Last Run
-----------------------------------------  -----  ---------  --------  ----------  --------------  -------------------
/opt/airflow/dags/extract_to_stage_dag.py                           1           0  0.19s           2024-11-20T23:25:47
================================================================================
[2024-11-20T23:26:46.548+0000] {manager.py:854} INFO - 
================================================================================
DAG File Processing Stats

File Path                                  PID    Runtime      # DAGs    # Errors  Last Runtime    Last Run
-----------------------------------------  -----  ---------  --------  ----------  --------------  -------------------
/opt/airflow/dags/extract_to_stage_dag.py                           1           0  0.17s           2024-11-20T23:26:17
================================================================================
[2024-11-20T23:27:16.994+0000] {manager.py:854} INFO - 
================================================================================
DAG File Processing Stats

File Path                                  PID    Runtime      # DAGs    # Errors  Last Runtime    Last Run
-----------------------------------------  -----  ---------  --------  ----------  --------------  -------------------
/opt/airflow/dags/extract_to_stage_dag.py                           1           0  0.23s           2024-11-20T23:27:07
================================================================================
[2024-11-20T23:27:47.329+0000] {manager.py:854} INFO - 
================================================================================
DAG File Processing Stats

File Path                                  PID    Runtime      # DAGs    # Errors  Last Runtime    Last Run
-----------------------------------------  -----  ---------  --------  ----------  --------------  -------------------
/opt/airflow/dags/extract_to_stage_dag.py                           1           0  0.18s           2024-11-20T23:27:37
================================================================================
[2024-11-20T23:28:16.537+0000] {manager.py:520} INFO - DAG postgres_to_postgres_stage is missing and will be deactivated.
[2024-11-20T23:28:16.538+0000] {manager.py:520} INFO - DAG postgres_to_stage is missing and will be deactivated.
[2024-11-20T23:28:16.544+0000] {manager.py:530} INFO - Deactivated 2 DAGs which are no longer present in file.
[2024-11-20T23:28:16.549+0000] {manager.py:534} INFO - Deleted DAG postgres_to_stage in serialized_dag table
[2024-11-20T23:28:16.553+0000] {manager.py:534} INFO - Deleted DAG postgres_to_postgres_stage in serialized_dag table
[2024-11-20T23:28:17.573+0000] {manager.py:854} INFO - 
================================================================================
DAG File Processing Stats

File Path                                    PID  Runtime      # DAGs    # Errors  Last Runtime    Last Run
-----------------------------------------  -----  ---------  --------  ----------  --------------  -------------------
/opt/airflow/dags/extract_to_stage_dag.py    250  0.01s             0           1  0.13s           2024-11-20T23:28:14
================================================================================
[2024-11-20T23:28:47.945+0000] {manager.py:854} INFO - 
================================================================================
DAG File Processing Stats

File Path                                  PID    Runtime      # DAGs    # Errors  Last Runtime    Last Run
-----------------------------------------  -----  ---------  --------  ----------  --------------  -------------------
/opt/airflow/dags/extract_to_stage_dag.py                           1           0  0.31s           2024-11-20T23:28:47
================================================================================
[2024-11-20T23:29:12.352+0000] {manager.py:726} INFO - Searching for files in /opt/airflow/dags
[2024-11-20T23:29:12.383+0000] {manager.py:729} INFO - There are 1 files in /opt/airflow/dags
[2024-11-20T23:29:18.644+0000] {manager.py:854} INFO - 
================================================================================
DAG File Processing Stats

File Path                                  PID    Runtime      # DAGs    # Errors  Last Runtime    Last Run
-----------------------------------------  -----  ---------  --------  ----------  --------------  -------------------
/opt/airflow/dags/extract_to_stage_dag.py                           1           0  0.28s           2024-11-20T23:29:16
================================================================================
[2024-11-20T23:29:49.059+0000] {manager.py:854} INFO - 
================================================================================
DAG File Processing Stats

File Path                                  PID    Runtime      # DAGs    # Errors  Last Runtime    Last Run
-----------------------------------------  -----  ---------  --------  ----------  --------------  -------------------
/opt/airflow/dags/extract_to_stage_dag.py                           1           0  0.26s           2024-11-20T23:29:47
================================================================================
[2024-11-20T23:30:19.329+0000] {manager.py:854} INFO - 
================================================================================
DAG File Processing Stats

File Path                                  PID    Runtime      # DAGs    # Errors  Last Runtime    Last Run
-----------------------------------------  -----  ---------  --------  ----------  --------------  -------------------
/opt/airflow/dags/extract_to_stage_dag.py                           1           0  0.18s           2024-11-20T23:30:17
================================================================================
[2024-11-20T23:30:49.656+0000] {manager.py:854} INFO - 
================================================================================
DAG File Processing Stats

File Path                                  PID    Runtime      # DAGs    # Errors  Last Runtime    Last Run
-----------------------------------------  -----  ---------  --------  ----------  --------------  -------------------
/opt/airflow/dags/extract_to_stage_dag.py                           1           0  0.22s           2024-11-20T23:30:47
================================================================================
[2024-11-20T23:31:19.941+0000] {manager.py:854} INFO - 
================================================================================
DAG File Processing Stats

File Path                                  PID    Runtime      # DAGs    # Errors  Last Runtime    Last Run
-----------------------------------------  -----  ---------  --------  ----------  --------------  -------------------
/opt/airflow/dags/extract_to_stage_dag.py                           1           0  0.19s           2024-11-20T23:31:18
================================================================================
[2024-11-20T23:31:50.234+0000] {manager.py:854} INFO - 
================================================================================
DAG File Processing Stats

File Path                                  PID    Runtime      # DAGs    # Errors  Last Runtime    Last Run
-----------------------------------------  -----  ---------  --------  ----------  --------------  -------------------
/opt/airflow/dags/extract_to_stage_dag.py                           1           0  0.22s           2024-11-20T23:31:48
================================================================================
[2024-11-20T23:32:20.551+0000] {manager.py:854} INFO - 
================================================================================
DAG File Processing Stats

File Path                                  PID    Runtime      # DAGs    # Errors  Last Runtime    Last Run
-----------------------------------------  -----  ---------  --------  ----------  --------------  -------------------
/opt/airflow/dags/extract_to_stage_dag.py                           1           0  0.20s           2024-11-20T23:32:18
================================================================================
[2024-11-20T23:32:50.831+0000] {manager.py:854} INFO - 
================================================================================
DAG File Processing Stats

File Path                                  PID    Runtime      # DAGs    # Errors  Last Runtime    Last Run
-----------------------------------------  -----  ---------  --------  ----------  --------------  -------------------
/opt/airflow/dags/extract_to_stage_dag.py                           1           0  0.27s           2024-11-20T23:32:49
================================================================================
[2024-11-20T23:33:21.047+0000] {manager.py:854} INFO - 
================================================================================
DAG File Processing Stats

File Path                                  PID    Runtime      # DAGs    # Errors  Last Runtime    Last Run
-----------------------------------------  -----  ---------  --------  ----------  --------------  -------------------
/opt/airflow/dags/extract_to_stage_dag.py                           1           0  0.17s           2024-11-20T23:33:19
================================================================================
[2024-11-20T23:33:51.398+0000] {manager.py:854} INFO - 
================================================================================
DAG File Processing Stats

File Path                                  PID    Runtime      # DAGs    # Errors  Last Runtime    Last Run
-----------------------------------------  -----  ---------  --------  ----------  --------------  -------------------
/opt/airflow/dags/extract_to_stage_dag.py                           1           0  0.18s           2024-11-20T23:33:49
================================================================================
[2024-11-20T23:34:12.541+0000] {manager.py:726} INFO - Searching for files in /opt/airflow/dags
[2024-11-20T23:34:12.562+0000] {manager.py:729} INFO - There are 1 files in /opt/airflow/dags
[2024-11-20T23:34:21.651+0000] {manager.py:854} INFO - 
================================================================================
DAG File Processing Stats

File Path                                  PID    Runtime      # DAGs    # Errors  Last Runtime    Last Run
-----------------------------------------  -----  ---------  --------  ----------  --------------  -------------------
/opt/airflow/dags/extract_to_stage_dag.py                           1           0  0.17s           2024-11-20T23:34:19
================================================================================
[2024-11-20T23:34:51.983+0000] {manager.py:854} INFO - 
================================================================================
DAG File Processing Stats

File Path                                  PID    Runtime      # DAGs    # Errors  Last Runtime    Last Run
-----------------------------------------  -----  ---------  --------  ----------  --------------  -------------------
/opt/airflow/dags/extract_to_stage_dag.py                           1           0  0.17s           2024-11-20T23:34:50
================================================================================
[2024-11-20T23:35:22.196+0000] {manager.py:854} INFO - 
================================================================================
DAG File Processing Stats

File Path                                  PID    Runtime      # DAGs    # Errors  Last Runtime    Last Run
-----------------------------------------  -----  ---------  --------  ----------  --------------  -------------------
/opt/airflow/dags/extract_to_stage_dag.py                           1           0  0.17s           2024-11-20T23:35:20
================================================================================
[2024-11-20T23:35:52.541+0000] {manager.py:854} INFO - 
================================================================================
DAG File Processing Stats

File Path                                  PID    Runtime      # DAGs    # Errors  Last Runtime    Last Run
-----------------------------------------  -----  ---------  --------  ----------  --------------  -------------------
/opt/airflow/dags/extract_to_stage_dag.py                           1           0  0.18s           2024-11-20T23:35:50
================================================================================
[2024-11-20T23:36:22.758+0000] {manager.py:854} INFO - 
================================================================================
DAG File Processing Stats

File Path                                  PID    Runtime      # DAGs    # Errors  Last Runtime    Last Run
-----------------------------------------  -----  ---------  --------  ----------  --------------  -------------------
/opt/airflow/dags/extract_to_stage_dag.py                           1           0  0.17s           2024-11-20T23:36:20
================================================================================
[2024-11-20T23:36:53.091+0000] {manager.py:854} INFO - 
================================================================================
DAG File Processing Stats

File Path                                  PID    Runtime      # DAGs    # Errors  Last Runtime    Last Run
-----------------------------------------  -----  ---------  --------  ----------  --------------  -------------------
/opt/airflow/dags/extract_to_stage_dag.py                           1           0  0.16s           2024-11-20T23:36:51
================================================================================
[2024-11-20T23:37:23.318+0000] {manager.py:854} INFO - 
================================================================================
DAG File Processing Stats

File Path                                  PID    Runtime      # DAGs    # Errors  Last Runtime    Last Run
-----------------------------------------  -----  ---------  --------  ----------  --------------  -------------------
/opt/airflow/dags/extract_to_stage_dag.py                           1           0  0.19s           2024-11-20T23:37:21
================================================================================
[2024-11-20T23:37:53.510+0000] {manager.py:854} INFO - 
================================================================================
DAG File Processing Stats

File Path                                  PID    Runtime      # DAGs    # Errors  Last Runtime    Last Run
-----------------------------------------  -----  ---------  --------  ----------  --------------  -------------------
/opt/airflow/dags/extract_to_stage_dag.py                           1           0  0.18s           2024-11-20T23:37:51
================================================================================
